2022-02-22 13:26:59 [34mINFO [0;39m [36mplay.api.db.DefaultDBApi[0;39m [35m[0;39m Database [default] initialized
2022-02-22 13:26:59 [34mINFO [0;39m [36mplay.api.db.HikariCPConnectionPool[0;39m [35m[0;39m Creating Pool for datasource 'default'
2022-02-22 13:27:29 [1;31mERROR[0;39m [36mp.api.http.DefaultHttpErrorHandler[0;39m [35m[0;39m 

! @7mmjfo5ap - Internal server error, for (GET) [/api/all] ->
 
play.api.UnexpectedException: Unexpected exception[SQLTransientConnectionException: HikariPool-1 - Connection is not available, request timed out after 30013ms.]
	at play.core.server.DevServerStart$$anon$1.reload(DevServerStart.scala:254)
	at play.core.server.DevServerStart$$anon$1.get(DevServerStart.scala:148)
	at play.core.server.AkkaHttpServer.handleRequest(AkkaHttpServer.scala:302)
	at play.core.server.AkkaHttpServer.$anonfun$createServerBinding$1(AkkaHttpServer.scala:224)
	at akka.stream.impl.fusing.MapAsync$$anon$30.onPush(Ops.scala:1307)
	at akka.stream.impl.fusing.GraphInterpreter.processPush(GraphInterpreter.scala:542)
	at akka.stream.impl.fusing.GraphInterpreter.processEvent(GraphInterpreter.scala:496)
	at akka.stream.impl.fusing.GraphInterpreter.execute(GraphInterpreter.scala:390)
	at akka.stream.impl.fusing.GraphInterpreterShell.runBatch(ActorGraphInterpreter.scala:650)
	at akka.stream.impl.fusing.GraphInterpreterShell$AsyncInput.execute(ActorGraphInterpreter.scala:521)
	at akka.stream.impl.fusing.GraphInterpreterShell.processEvent(ActorGraphInterpreter.scala:625)
	at akka.stream.impl.fusing.ActorGraphInterpreter.akka$stream$impl$fusing$ActorGraphInterpreter$$processEvent(ActorGraphInterpreter.scala:800)
	at akka.stream.impl.fusing.ActorGraphInterpreter$$anonfun$receive$1.applyOrElse(ActorGraphInterpreter.scala:818)
	at akka.actor.Actor.aroundReceive(Actor.scala:537)
	at akka.actor.Actor.aroundReceive$(Actor.scala:535)
	at akka.stream.impl.fusing.ActorGraphInterpreter.aroundReceive(ActorGraphInterpreter.scala:716)
	at akka.actor.ActorCell.receiveMessage(ActorCell.scala:580)
	at akka.actor.ActorCell.invoke(ActorCell.scala:548)
	at akka.dispatch.Mailbox.processMailbox(Mailbox.scala:270)
	at akka.dispatch.Mailbox.run(Mailbox.scala:231)
	at akka.dispatch.Mailbox.exec(Mailbox.scala:243)
	at java.base/java.util.concurrent.ForkJoinTask.doExec(ForkJoinTask.java:290)
	at java.base/java.util.concurrent.ForkJoinPool$WorkQueue.topLevelExec(ForkJoinPool.java:1020)
	at java.base/java.util.concurrent.ForkJoinPool.scan(ForkJoinPool.java:1656)
	at java.base/java.util.concurrent.ForkJoinPool.runWorker(ForkJoinPool.java:1594)
	at java.base/java.util.concurrent.ForkJoinWorkerThread.run(ForkJoinWorkerThread.java:183)
Caused by: java.sql.SQLTransientConnectionException: HikariPool-1 - Connection is not available, request timed out after 30013ms.
	at com.zaxxer.hikari.pool.HikariPool.createTimeoutException(HikariPool.java:695)
	at com.zaxxer.hikari.pool.HikariPool.getConnection(HikariPool.java:197)
	at com.zaxxer.hikari.pool.HikariPool.getConnection(HikariPool.java:162)
	at com.zaxxer.hikari.HikariDataSource.getConnection(HikariDataSource.java:100)
	at play.api.db.DefaultDatabase.getConnection(Databases.scala:162)
	at play.api.db.evolutions.DatabaseEvolutions.databaseEvolutions(EvolutionsApi.scala:140)
	at play.api.db.evolutions.DatabaseEvolutions.scripts(EvolutionsApi.scala:118)
	at play.api.db.evolutions.DatabaseEvolutions.scripts(EvolutionsApi.scala:133)
	at play.api.db.evolutions.DefaultEvolutionsApi.scripts(EvolutionsApi.scala:98)
	at play.api.db.evolutions.ApplicationEvolutions$.$anonfun$runEvolutions$1(ApplicationEvolutions.scala:205)
	at play.api.db.evolutions.ApplicationEvolutions$.withLock(ApplicationEvolutions.scala:231)
	at play.api.db.evolutions.ApplicationEvolutions$.runEvolutions(ApplicationEvolutions.scala:201)
	at play.api.db.evolutions.ApplicationEvolutions.$anonfun$start$1(ApplicationEvolutions.scala:66)
	at play.api.db.evolutions.ApplicationEvolutions.$anonfun$start$1$adapted(ApplicationEvolutions.scala:61)
	at scala.collection.immutable.List.foreach(List.scala:305)
	at play.api.db.evolutions.ApplicationEvolutions.start(ApplicationEvolutions.scala:61)
	at play.api.db.evolutions.ApplicationEvolutions.<init>(ApplicationEvolutions.scala:109)
	at play.api.db.evolutions.ApplicationEvolutionsProvider.get$lzycompute(EvolutionsModule.scala:67)
	at play.api.db.evolutions.ApplicationEvolutionsProvider.get(EvolutionsModule.scala:60)
	at play.api.db.evolutions.ApplicationEvolutionsProvider.get(EvolutionsModule.scala:51)
	at com.google.inject.internal.ProviderInternalFactory.provision(ProviderInternalFactory.java:85)
	at com.google.inject.internal.BoundProviderFactory.provision(BoundProviderFactory.java:77)
	at com.google.inject.internal.ProviderInternalFactory.circularGet(ProviderInternalFactory.java:59)
	at com.google.inject.internal.BoundProviderFactory.get(BoundProviderFactory.java:61)
	at com.google.inject.internal.ProviderToInternalFactoryAdapter.get(ProviderToInternalFactoryAdapter.java:40)
	at com.google.inject.internal.SingletonScope$1.get(SingletonScope.java:168)
	at com.google.inject.internal.InternalFactoryToProviderAdapter.get(InternalFactoryToProviderAdapter.java:39)
	at com.google.inject.internal.InternalInjectorCreator.loadEagerSingletons(InternalInjectorCreator.java:213)
	at com.google.inject.internal.InternalInjectorCreator.injectDynamically(InternalInjectorCreator.java:184)
	at com.google.inject.internal.InternalInjectorCreator.build(InternalInjectorCreator.java:111)
	at com.google.inject.Guice.createInjector(Guice.java:87)
	at com.google.inject.Guice.createInjector(Guice.java:78)
	at play.api.inject.guice.GuiceBuilder.injector(GuiceInjectorBuilder.scala:200)
	at play.api.inject.guice.GuiceApplicationBuilder.build(GuiceApplicationBuilder.scala:155)
	at play.api.inject.guice.GuiceApplicationLoader.load(GuiceApplicationLoader.scala:21)
	at play.core.server.DevServerStart$$anon$1.$anonfun$reload$2(DevServerStart.scala:193)
	at play.utils.Threads$.withContextClassLoader(Threads.scala:22)
	at play.core.server.DevServerStart$$anon$1.reload(DevServerStart.scala:185)
	... 25 common frames omitted
Caused by: org.postgresql.util.PSQLException: Подсоединение по адресу localhost:5432 отклонено. Проверьте что хост и порт указаны правильно и что postmaster принимает TCP/IP-подсоединения.
	at org.postgresql.core.v3.ConnectionFactoryImpl.openConnectionImpl(ConnectionFactoryImpl.java:319)
	at org.postgresql.core.ConnectionFactory.openConnection(ConnectionFactory.java:49)
	at org.postgresql.jdbc.PgConnection.<init>(PgConnection.java:223)
	at org.postgresql.Driver.makeConnection(Driver.java:400)
	at org.postgresql.Driver.connect(Driver.java:259)
	at com.zaxxer.hikari.util.DriverDataSource.getConnection(DriverDataSource.java:121)
	at com.zaxxer.hikari.pool.PoolBase.newConnection(PoolBase.java:358)
	at com.zaxxer.hikari.pool.PoolBase.newPoolEntry(PoolBase.java:206)
	at com.zaxxer.hikari.pool.HikariPool.createPoolEntry(HikariPool.java:477)
	at com.zaxxer.hikari.pool.HikariPool.access$100(HikariPool.java:71)
	at com.zaxxer.hikari.pool.HikariPool$PoolEntryCreator.call(HikariPool.java:725)
	at com.zaxxer.hikari.pool.HikariPool$PoolEntryCreator.call(HikariPool.java:711)
	at java.base/java.util.concurrent.FutureTask.run(FutureTask.java:264)
	at java.base/java.util.concurrent.ThreadPoolExecutor.runWorker(ThreadPoolExecutor.java:1128)
	at java.base/java.util.concurrent.ThreadPoolExecutor$Worker.run(ThreadPoolExecutor.java:628)
	at java.base/java.lang.Thread.run(Thread.java:834)
Caused by: java.net.ConnectException: Connection refused: connect
	at java.base/java.net.PlainSocketImpl.waitForConnect(Native Method)
	at java.base/java.net.PlainSocketImpl.socketConnect(PlainSocketImpl.java:107)
	at java.base/java.net.AbstractPlainSocketImpl.doConnect(AbstractPlainSocketImpl.java:412)
	at java.base/java.net.AbstractPlainSocketImpl.connectToAddress(AbstractPlainSocketImpl.java:255)
	at java.base/java.net.AbstractPlainSocketImpl.connect(AbstractPlainSocketImpl.java:237)
	at java.base/java.net.SocksSocketImpl.connect(SocksSocketImpl.java:392)
	at java.base/java.net.Socket.connect(Socket.java:608)
	at org.postgresql.core.PGStream.createSocket(PGStream.java:241)
	at org.postgresql.core.PGStream.<init>(PGStream.java:98)
	at org.postgresql.core.v3.ConnectionFactoryImpl.tryConnect(ConnectionFactoryImpl.java:109)
	at org.postgresql.core.v3.ConnectionFactoryImpl.openConnectionImpl(ConnectionFactoryImpl.java:235)
	... 15 common frames omitted
2022-02-22 13:27:29 [1;31mERROR[0;39m [36mp.api.http.DefaultHttpErrorHandler[0;39m [35m[0;39m 

! @7mmjfo5ap - Internal server error, for (GET) [/] ->
 
play.api.UnexpectedException: Unexpected exception[SQLTransientConnectionException: HikariPool-1 - Connection is not available, request timed out after 30013ms.]
	at play.core.server.DevServerStart$$anon$1.reload(DevServerStart.scala:254)
	at play.core.server.DevServerStart$$anon$1.get(DevServerStart.scala:148)
	at play.core.server.AkkaHttpServer.handleRequest(AkkaHttpServer.scala:302)
	at play.core.server.AkkaHttpServer.$anonfun$createServerBinding$1(AkkaHttpServer.scala:224)
	at akka.stream.impl.fusing.MapAsync$$anon$30.onPush(Ops.scala:1307)
	at akka.stream.impl.fusing.GraphInterpreter.processPush(GraphInterpreter.scala:542)
	at akka.stream.impl.fusing.GraphInterpreter.processEvent(GraphInterpreter.scala:496)
	at akka.stream.impl.fusing.GraphInterpreter.execute(GraphInterpreter.scala:390)
	at akka.stream.impl.fusing.GraphInterpreterShell.runBatch(ActorGraphInterpreter.scala:650)
	at akka.stream.impl.fusing.GraphInterpreterShell$AsyncInput.execute(ActorGraphInterpreter.scala:521)
	at akka.stream.impl.fusing.GraphInterpreterShell.processEvent(ActorGraphInterpreter.scala:625)
	at akka.stream.impl.fusing.ActorGraphInterpreter.akka$stream$impl$fusing$ActorGraphInterpreter$$processEvent(ActorGraphInterpreter.scala:800)
	at akka.stream.impl.fusing.ActorGraphInterpreter$$anonfun$receive$1.applyOrElse(ActorGraphInterpreter.scala:818)
	at akka.actor.Actor.aroundReceive(Actor.scala:537)
	at akka.actor.Actor.aroundReceive$(Actor.scala:535)
	at akka.stream.impl.fusing.ActorGraphInterpreter.aroundReceive(ActorGraphInterpreter.scala:716)
	at akka.actor.ActorCell.receiveMessage(ActorCell.scala:580)
	at akka.actor.ActorCell.invoke(ActorCell.scala:548)
	at akka.dispatch.Mailbox.processMailbox(Mailbox.scala:270)
	at akka.dispatch.Mailbox.run(Mailbox.scala:231)
	at akka.dispatch.Mailbox.exec(Mailbox.scala:243)
	at java.base/java.util.concurrent.ForkJoinTask.doExec(ForkJoinTask.java:290)
	at java.base/java.util.concurrent.ForkJoinPool$WorkQueue.topLevelExec(ForkJoinPool.java:1020)
	at java.base/java.util.concurrent.ForkJoinPool.scan(ForkJoinPool.java:1656)
	at java.base/java.util.concurrent.ForkJoinPool.runWorker(ForkJoinPool.java:1594)
	at java.base/java.util.concurrent.ForkJoinWorkerThread.run(ForkJoinWorkerThread.java:183)
Caused by: java.sql.SQLTransientConnectionException: HikariPool-1 - Connection is not available, request timed out after 30013ms.
	at com.zaxxer.hikari.pool.HikariPool.createTimeoutException(HikariPool.java:695)
	at com.zaxxer.hikari.pool.HikariPool.getConnection(HikariPool.java:197)
	at com.zaxxer.hikari.pool.HikariPool.getConnection(HikariPool.java:162)
	at com.zaxxer.hikari.HikariDataSource.getConnection(HikariDataSource.java:100)
	at play.api.db.DefaultDatabase.getConnection(Databases.scala:162)
	at play.api.db.evolutions.DatabaseEvolutions.databaseEvolutions(EvolutionsApi.scala:140)
	at play.api.db.evolutions.DatabaseEvolutions.scripts(EvolutionsApi.scala:118)
	at play.api.db.evolutions.DatabaseEvolutions.scripts(EvolutionsApi.scala:133)
	at play.api.db.evolutions.DefaultEvolutionsApi.scripts(EvolutionsApi.scala:98)
	at play.api.db.evolutions.ApplicationEvolutions$.$anonfun$runEvolutions$1(ApplicationEvolutions.scala:205)
	at play.api.db.evolutions.ApplicationEvolutions$.withLock(ApplicationEvolutions.scala:231)
	at play.api.db.evolutions.ApplicationEvolutions$.runEvolutions(ApplicationEvolutions.scala:201)
	at play.api.db.evolutions.ApplicationEvolutions.$anonfun$start$1(ApplicationEvolutions.scala:66)
	at play.api.db.evolutions.ApplicationEvolutions.$anonfun$start$1$adapted(ApplicationEvolutions.scala:61)
	at scala.collection.immutable.List.foreach(List.scala:305)
	at play.api.db.evolutions.ApplicationEvolutions.start(ApplicationEvolutions.scala:61)
	at play.api.db.evolutions.ApplicationEvolutions.<init>(ApplicationEvolutions.scala:109)
	at play.api.db.evolutions.ApplicationEvolutionsProvider.get$lzycompute(EvolutionsModule.scala:67)
	at play.api.db.evolutions.ApplicationEvolutionsProvider.get(EvolutionsModule.scala:60)
	at play.api.db.evolutions.ApplicationEvolutionsProvider.get(EvolutionsModule.scala:51)
	at com.google.inject.internal.ProviderInternalFactory.provision(ProviderInternalFactory.java:85)
	at com.google.inject.internal.BoundProviderFactory.provision(BoundProviderFactory.java:77)
	at com.google.inject.internal.ProviderInternalFactory.circularGet(ProviderInternalFactory.java:59)
	at com.google.inject.internal.BoundProviderFactory.get(BoundProviderFactory.java:61)
	at com.google.inject.internal.ProviderToInternalFactoryAdapter.get(ProviderToInternalFactoryAdapter.java:40)
	at com.google.inject.internal.SingletonScope$1.get(SingletonScope.java:168)
	at com.google.inject.internal.InternalFactoryToProviderAdapter.get(InternalFactoryToProviderAdapter.java:39)
	at com.google.inject.internal.InternalInjectorCreator.loadEagerSingletons(InternalInjectorCreator.java:213)
	at com.google.inject.internal.InternalInjectorCreator.injectDynamically(InternalInjectorCreator.java:184)
	at com.google.inject.internal.InternalInjectorCreator.build(InternalInjectorCreator.java:111)
	at com.google.inject.Guice.createInjector(Guice.java:87)
	at com.google.inject.Guice.createInjector(Guice.java:78)
	at play.api.inject.guice.GuiceBuilder.injector(GuiceInjectorBuilder.scala:200)
	at play.api.inject.guice.GuiceApplicationBuilder.build(GuiceApplicationBuilder.scala:155)
	at play.api.inject.guice.GuiceApplicationLoader.load(GuiceApplicationLoader.scala:21)
	at play.core.server.DevServerStart$$anon$1.$anonfun$reload$2(DevServerStart.scala:193)
	at play.utils.Threads$.withContextClassLoader(Threads.scala:22)
	at play.core.server.DevServerStart$$anon$1.reload(DevServerStart.scala:185)
	... 25 common frames omitted
Caused by: org.postgresql.util.PSQLException: Подсоединение по адресу localhost:5432 отклонено. Проверьте что хост и порт указаны правильно и что postmaster принимает TCP/IP-подсоединения.
	at org.postgresql.core.v3.ConnectionFactoryImpl.openConnectionImpl(ConnectionFactoryImpl.java:319)
	at org.postgresql.core.ConnectionFactory.openConnection(ConnectionFactory.java:49)
	at org.postgresql.jdbc.PgConnection.<init>(PgConnection.java:223)
	at org.postgresql.Driver.makeConnection(Driver.java:400)
	at org.postgresql.Driver.connect(Driver.java:259)
	at com.zaxxer.hikari.util.DriverDataSource.getConnection(DriverDataSource.java:121)
	at com.zaxxer.hikari.pool.PoolBase.newConnection(PoolBase.java:358)
	at com.zaxxer.hikari.pool.PoolBase.newPoolEntry(PoolBase.java:206)
	at com.zaxxer.hikari.pool.HikariPool.createPoolEntry(HikariPool.java:477)
	at com.zaxxer.hikari.pool.HikariPool.access$100(HikariPool.java:71)
	at com.zaxxer.hikari.pool.HikariPool$PoolEntryCreator.call(HikariPool.java:725)
	at com.zaxxer.hikari.pool.HikariPool$PoolEntryCreator.call(HikariPool.java:711)
	at java.base/java.util.concurrent.FutureTask.run(FutureTask.java:264)
	at java.base/java.util.concurrent.ThreadPoolExecutor.runWorker(ThreadPoolExecutor.java:1128)
	at java.base/java.util.concurrent.ThreadPoolExecutor$Worker.run(ThreadPoolExecutor.java:628)
	at java.base/java.lang.Thread.run(Thread.java:834)
Caused by: java.net.ConnectException: Connection refused: connect
	at java.base/java.net.PlainSocketImpl.waitForConnect(Native Method)
	at java.base/java.net.PlainSocketImpl.socketConnect(PlainSocketImpl.java:107)
	at java.base/java.net.AbstractPlainSocketImpl.doConnect(AbstractPlainSocketImpl.java:412)
	at java.base/java.net.AbstractPlainSocketImpl.connectToAddress(AbstractPlainSocketImpl.java:255)
	at java.base/java.net.AbstractPlainSocketImpl.connect(AbstractPlainSocketImpl.java:237)
	at java.base/java.net.SocksSocketImpl.connect(SocksSocketImpl.java:392)
	at java.base/java.net.Socket.connect(Socket.java:608)
	at org.postgresql.core.PGStream.createSocket(PGStream.java:241)
	at org.postgresql.core.PGStream.<init>(PGStream.java:98)
	at org.postgresql.core.v3.ConnectionFactoryImpl.tryConnect(ConnectionFactoryImpl.java:109)
	at org.postgresql.core.v3.ConnectionFactoryImpl.openConnectionImpl(ConnectionFactoryImpl.java:235)
	... 15 common frames omitted
2022-02-22 13:28:08 [34mINFO [0;39m [36mp.a.i.l.c.CoordinatedShutdownSupport[0;39m [35m[0;39m Starting synchronous coordinated shutdown with ServerStoppedReason reason and 35000 milliseconds timeout
2022-02-22 13:28:08 [34mINFO [0;39m [36mplay.core.server.AkkaHttpServer[0;39m [35m[0;39m Stopping Akka HTTP server...
2022-02-22 13:28:08 [34mINFO [0;39m [36mplay.core.server.AkkaHttpServer[0;39m [35m[0;39m Terminating server binding for /0:0:0:0:0:0:0:0:9000
2022-02-22 13:28:08 [34mINFO [0;39m [36mplay.core.server.AkkaHttpServer[0;39m [35m[0;39m Running provided shutdown stop hooks
2022-02-22 13:28:28 [34mINFO [0;39m [36mplay.api.db.DefaultDBApi[0;39m [35m[0;39m Database [default] initialized
2022-02-22 13:28:28 [34mINFO [0;39m [36mplay.api.db.HikariCPConnectionPool[0;39m [35m[0;39m Creating Pool for datasource 'default'
2022-02-22 13:30:08 [1;31mERROR[0;39m [36mp.api.http.DefaultHttpErrorHandler[0;39m [35m[0;39m 

! @7mmjg777g - Internal server error, for (GET) [/] ->
 
play.api.UnexpectedException: Unexpected exception[SQLTransientConnectionException: HikariPool-1 - Connection is not available, request timed out after 100012ms.]
	at play.core.server.DevServerStart$$anon$1.reload(DevServerStart.scala:254)
	at play.core.server.DevServerStart$$anon$1.get(DevServerStart.scala:148)
	at play.core.server.AkkaHttpServer.handleRequest(AkkaHttpServer.scala:302)
	at play.core.server.AkkaHttpServer.$anonfun$createServerBinding$1(AkkaHttpServer.scala:224)
	at akka.stream.impl.fusing.MapAsync$$anon$30.onPush(Ops.scala:1307)
	at akka.stream.impl.fusing.GraphInterpreter.processPush(GraphInterpreter.scala:542)
	at akka.stream.impl.fusing.GraphInterpreter.processEvent(GraphInterpreter.scala:496)
	at akka.stream.impl.fusing.GraphInterpreter.execute(GraphInterpreter.scala:390)
	at akka.stream.impl.fusing.GraphInterpreterShell.runBatch(ActorGraphInterpreter.scala:650)
	at akka.stream.impl.fusing.GraphInterpreterShell$AsyncInput.execute(ActorGraphInterpreter.scala:521)
	at akka.stream.impl.fusing.GraphInterpreterShell.processEvent(ActorGraphInterpreter.scala:625)
	at akka.stream.impl.fusing.ActorGraphInterpreter.akka$stream$impl$fusing$ActorGraphInterpreter$$processEvent(ActorGraphInterpreter.scala:800)
	at akka.stream.impl.fusing.ActorGraphInterpreter$$anonfun$receive$1.applyOrElse(ActorGraphInterpreter.scala:818)
	at akka.actor.Actor.aroundReceive(Actor.scala:537)
	at akka.actor.Actor.aroundReceive$(Actor.scala:535)
	at akka.stream.impl.fusing.ActorGraphInterpreter.aroundReceive(ActorGraphInterpreter.scala:716)
	at akka.actor.ActorCell.receiveMessage(ActorCell.scala:580)
	at akka.actor.ActorCell.invoke(ActorCell.scala:548)
	at akka.dispatch.Mailbox.processMailbox(Mailbox.scala:270)
	at akka.dispatch.Mailbox.run(Mailbox.scala:231)
	at akka.dispatch.Mailbox.exec(Mailbox.scala:243)
	at java.base/java.util.concurrent.ForkJoinTask.doExec(ForkJoinTask.java:290)
	at java.base/java.util.concurrent.ForkJoinPool$WorkQueue.topLevelExec(ForkJoinPool.java:1020)
	at java.base/java.util.concurrent.ForkJoinPool.scan(ForkJoinPool.java:1656)
	at java.base/java.util.concurrent.ForkJoinPool.runWorker(ForkJoinPool.java:1594)
	at java.base/java.util.concurrent.ForkJoinWorkerThread.run(ForkJoinWorkerThread.java:183)
Caused by: java.sql.SQLTransientConnectionException: HikariPool-1 - Connection is not available, request timed out after 100012ms.
	at com.zaxxer.hikari.pool.HikariPool.createTimeoutException(HikariPool.java:695)
	at com.zaxxer.hikari.pool.HikariPool.getConnection(HikariPool.java:197)
	at com.zaxxer.hikari.pool.HikariPool.getConnection(HikariPool.java:162)
	at com.zaxxer.hikari.HikariDataSource.getConnection(HikariDataSource.java:100)
	at play.api.db.DefaultDatabase.getConnection(Databases.scala:162)
	at play.api.db.evolutions.DatabaseEvolutions.databaseEvolutions(EvolutionsApi.scala:140)
	at play.api.db.evolutions.DatabaseEvolutions.scripts(EvolutionsApi.scala:118)
	at play.api.db.evolutions.DatabaseEvolutions.scripts(EvolutionsApi.scala:133)
	at play.api.db.evolutions.DefaultEvolutionsApi.scripts(EvolutionsApi.scala:98)
	at play.api.db.evolutions.ApplicationEvolutions$.$anonfun$runEvolutions$1(ApplicationEvolutions.scala:205)
	at play.api.db.evolutions.ApplicationEvolutions$.withLock(ApplicationEvolutions.scala:231)
	at play.api.db.evolutions.ApplicationEvolutions$.runEvolutions(ApplicationEvolutions.scala:201)
	at play.api.db.evolutions.ApplicationEvolutions.$anonfun$start$1(ApplicationEvolutions.scala:66)
	at play.api.db.evolutions.ApplicationEvolutions.$anonfun$start$1$adapted(ApplicationEvolutions.scala:61)
	at scala.collection.immutable.List.foreach(List.scala:305)
	at play.api.db.evolutions.ApplicationEvolutions.start(ApplicationEvolutions.scala:61)
	at play.api.db.evolutions.ApplicationEvolutions.<init>(ApplicationEvolutions.scala:109)
	at play.api.db.evolutions.ApplicationEvolutionsProvider.get$lzycompute(EvolutionsModule.scala:67)
	at play.api.db.evolutions.ApplicationEvolutionsProvider.get(EvolutionsModule.scala:60)
	at play.api.db.evolutions.ApplicationEvolutionsProvider.get(EvolutionsModule.scala:51)
	at com.google.inject.internal.ProviderInternalFactory.provision(ProviderInternalFactory.java:85)
	at com.google.inject.internal.BoundProviderFactory.provision(BoundProviderFactory.java:77)
	at com.google.inject.internal.ProviderInternalFactory.circularGet(ProviderInternalFactory.java:59)
	at com.google.inject.internal.BoundProviderFactory.get(BoundProviderFactory.java:61)
	at com.google.inject.internal.ProviderToInternalFactoryAdapter.get(ProviderToInternalFactoryAdapter.java:40)
	at com.google.inject.internal.SingletonScope$1.get(SingletonScope.java:168)
	at com.google.inject.internal.InternalFactoryToProviderAdapter.get(InternalFactoryToProviderAdapter.java:39)
	at com.google.inject.internal.InternalInjectorCreator.loadEagerSingletons(InternalInjectorCreator.java:213)
	at com.google.inject.internal.InternalInjectorCreator.injectDynamically(InternalInjectorCreator.java:184)
	at com.google.inject.internal.InternalInjectorCreator.build(InternalInjectorCreator.java:111)
	at com.google.inject.Guice.createInjector(Guice.java:87)
	at com.google.inject.Guice.createInjector(Guice.java:78)
	at play.api.inject.guice.GuiceBuilder.injector(GuiceInjectorBuilder.scala:200)
	at play.api.inject.guice.GuiceApplicationBuilder.build(GuiceApplicationBuilder.scala:155)
	at play.api.inject.guice.GuiceApplicationLoader.load(GuiceApplicationLoader.scala:21)
	at play.core.server.DevServerStart$$anon$1.$anonfun$reload$2(DevServerStart.scala:193)
	at play.utils.Threads$.withContextClassLoader(Threads.scala:22)
	at play.core.server.DevServerStart$$anon$1.reload(DevServerStart.scala:185)
	... 25 common frames omitted
Caused by: org.postgresql.util.PSQLException: Подсоединение по адресу localhost:5432 отклонено. Проверьте что хост и порт указаны правильно и что postmaster принимает TCP/IP-подсоединения.
	at org.postgresql.core.v3.ConnectionFactoryImpl.openConnectionImpl(ConnectionFactoryImpl.java:319)
	at org.postgresql.core.ConnectionFactory.openConnection(ConnectionFactory.java:49)
	at org.postgresql.jdbc.PgConnection.<init>(PgConnection.java:223)
	at org.postgresql.Driver.makeConnection(Driver.java:400)
	at org.postgresql.Driver.connect(Driver.java:259)
	at com.zaxxer.hikari.util.DriverDataSource.getConnection(DriverDataSource.java:121)
	at com.zaxxer.hikari.pool.PoolBase.newConnection(PoolBase.java:358)
	at com.zaxxer.hikari.pool.PoolBase.newPoolEntry(PoolBase.java:206)
	at com.zaxxer.hikari.pool.HikariPool.createPoolEntry(HikariPool.java:477)
	at com.zaxxer.hikari.pool.HikariPool.access$100(HikariPool.java:71)
	at com.zaxxer.hikari.pool.HikariPool$PoolEntryCreator.call(HikariPool.java:725)
	at com.zaxxer.hikari.pool.HikariPool$PoolEntryCreator.call(HikariPool.java:711)
	at java.base/java.util.concurrent.FutureTask.run(FutureTask.java:264)
	at java.base/java.util.concurrent.ThreadPoolExecutor.runWorker(ThreadPoolExecutor.java:1128)
	at java.base/java.util.concurrent.ThreadPoolExecutor$Worker.run(ThreadPoolExecutor.java:628)
	at java.base/java.lang.Thread.run(Thread.java:834)
Caused by: java.net.ConnectException: Connection refused: connect
	at java.base/java.net.PlainSocketImpl.waitForConnect(Native Method)
	at java.base/java.net.PlainSocketImpl.socketConnect(PlainSocketImpl.java:107)
	at java.base/java.net.AbstractPlainSocketImpl.doConnect(AbstractPlainSocketImpl.java:412)
	at java.base/java.net.AbstractPlainSocketImpl.connectToAddress(AbstractPlainSocketImpl.java:255)
	at java.base/java.net.AbstractPlainSocketImpl.connect(AbstractPlainSocketImpl.java:237)
	at java.base/java.net.SocksSocketImpl.connect(SocksSocketImpl.java:392)
	at java.base/java.net.Socket.connect(Socket.java:608)
	at org.postgresql.core.PGStream.createSocket(PGStream.java:241)
	at org.postgresql.core.PGStream.<init>(PGStream.java:98)
	at org.postgresql.core.v3.ConnectionFactoryImpl.tryConnect(ConnectionFactoryImpl.java:109)
	at org.postgresql.core.v3.ConnectionFactoryImpl.openConnectionImpl(ConnectionFactoryImpl.java:235)
	... 15 common frames omitted
2022-02-22 13:30:08 [1;31mERROR[0;39m [36mp.api.http.DefaultHttpErrorHandler[0;39m [35m[0;39m 

! @7mmjg777g - Internal server error, for (GET) [/] ->
 
play.api.UnexpectedException: Unexpected exception[SQLTransientConnectionException: HikariPool-1 - Connection is not available, request timed out after 100012ms.]
	at play.core.server.DevServerStart$$anon$1.reload(DevServerStart.scala:254)
	at play.core.server.DevServerStart$$anon$1.get(DevServerStart.scala:148)
	at play.core.server.AkkaHttpServer.handleRequest(AkkaHttpServer.scala:302)
	at play.core.server.AkkaHttpServer.$anonfun$createServerBinding$1(AkkaHttpServer.scala:224)
	at akka.stream.impl.fusing.MapAsync$$anon$30.onPush(Ops.scala:1307)
	at akka.stream.impl.fusing.GraphInterpreter.processPush(GraphInterpreter.scala:542)
	at akka.stream.impl.fusing.GraphInterpreter.processEvent(GraphInterpreter.scala:496)
	at akka.stream.impl.fusing.GraphInterpreter.execute(GraphInterpreter.scala:390)
	at akka.stream.impl.fusing.GraphInterpreterShell.runBatch(ActorGraphInterpreter.scala:650)
	at akka.stream.impl.fusing.GraphInterpreterShell$AsyncInput.execute(ActorGraphInterpreter.scala:521)
	at akka.stream.impl.fusing.GraphInterpreterShell.processEvent(ActorGraphInterpreter.scala:625)
	at akka.stream.impl.fusing.ActorGraphInterpreter.akka$stream$impl$fusing$ActorGraphInterpreter$$processEvent(ActorGraphInterpreter.scala:800)
	at akka.stream.impl.fusing.ActorGraphInterpreter$$anonfun$receive$1.applyOrElse(ActorGraphInterpreter.scala:818)
	at akka.actor.Actor.aroundReceive(Actor.scala:537)
	at akka.actor.Actor.aroundReceive$(Actor.scala:535)
	at akka.stream.impl.fusing.ActorGraphInterpreter.aroundReceive(ActorGraphInterpreter.scala:716)
	at akka.actor.ActorCell.receiveMessage(ActorCell.scala:580)
	at akka.actor.ActorCell.invoke(ActorCell.scala:548)
	at akka.dispatch.Mailbox.processMailbox(Mailbox.scala:270)
	at akka.dispatch.Mailbox.run(Mailbox.scala:231)
	at akka.dispatch.Mailbox.exec(Mailbox.scala:243)
	at java.base/java.util.concurrent.ForkJoinTask.doExec(ForkJoinTask.java:290)
	at java.base/java.util.concurrent.ForkJoinPool$WorkQueue.topLevelExec(ForkJoinPool.java:1020)
	at java.base/java.util.concurrent.ForkJoinPool.scan(ForkJoinPool.java:1656)
	at java.base/java.util.concurrent.ForkJoinPool.runWorker(ForkJoinPool.java:1594)
	at java.base/java.util.concurrent.ForkJoinWorkerThread.run(ForkJoinWorkerThread.java:183)
Caused by: java.sql.SQLTransientConnectionException: HikariPool-1 - Connection is not available, request timed out after 100012ms.
	at com.zaxxer.hikari.pool.HikariPool.createTimeoutException(HikariPool.java:695)
	at com.zaxxer.hikari.pool.HikariPool.getConnection(HikariPool.java:197)
	at com.zaxxer.hikari.pool.HikariPool.getConnection(HikariPool.java:162)
	at com.zaxxer.hikari.HikariDataSource.getConnection(HikariDataSource.java:100)
	at play.api.db.DefaultDatabase.getConnection(Databases.scala:162)
	at play.api.db.evolutions.DatabaseEvolutions.databaseEvolutions(EvolutionsApi.scala:140)
	at play.api.db.evolutions.DatabaseEvolutions.scripts(EvolutionsApi.scala:118)
	at play.api.db.evolutions.DatabaseEvolutions.scripts(EvolutionsApi.scala:133)
	at play.api.db.evolutions.DefaultEvolutionsApi.scripts(EvolutionsApi.scala:98)
	at play.api.db.evolutions.ApplicationEvolutions$.$anonfun$runEvolutions$1(ApplicationEvolutions.scala:205)
	at play.api.db.evolutions.ApplicationEvolutions$.withLock(ApplicationEvolutions.scala:231)
	at play.api.db.evolutions.ApplicationEvolutions$.runEvolutions(ApplicationEvolutions.scala:201)
	at play.api.db.evolutions.ApplicationEvolutions.$anonfun$start$1(ApplicationEvolutions.scala:66)
	at play.api.db.evolutions.ApplicationEvolutions.$anonfun$start$1$adapted(ApplicationEvolutions.scala:61)
	at scala.collection.immutable.List.foreach(List.scala:305)
	at play.api.db.evolutions.ApplicationEvolutions.start(ApplicationEvolutions.scala:61)
	at play.api.db.evolutions.ApplicationEvolutions.<init>(ApplicationEvolutions.scala:109)
	at play.api.db.evolutions.ApplicationEvolutionsProvider.get$lzycompute(EvolutionsModule.scala:67)
	at play.api.db.evolutions.ApplicationEvolutionsProvider.get(EvolutionsModule.scala:60)
	at play.api.db.evolutions.ApplicationEvolutionsProvider.get(EvolutionsModule.scala:51)
	at com.google.inject.internal.ProviderInternalFactory.provision(ProviderInternalFactory.java:85)
	at com.google.inject.internal.BoundProviderFactory.provision(BoundProviderFactory.java:77)
	at com.google.inject.internal.ProviderInternalFactory.circularGet(ProviderInternalFactory.java:59)
	at com.google.inject.internal.BoundProviderFactory.get(BoundProviderFactory.java:61)
	at com.google.inject.internal.ProviderToInternalFactoryAdapter.get(ProviderToInternalFactoryAdapter.java:40)
	at com.google.inject.internal.SingletonScope$1.get(SingletonScope.java:168)
	at com.google.inject.internal.InternalFactoryToProviderAdapter.get(InternalFactoryToProviderAdapter.java:39)
	at com.google.inject.internal.InternalInjectorCreator.loadEagerSingletons(InternalInjectorCreator.java:213)
	at com.google.inject.internal.InternalInjectorCreator.injectDynamically(InternalInjectorCreator.java:184)
	at com.google.inject.internal.InternalInjectorCreator.build(InternalInjectorCreator.java:111)
	at com.google.inject.Guice.createInjector(Guice.java:87)
	at com.google.inject.Guice.createInjector(Guice.java:78)
	at play.api.inject.guice.GuiceBuilder.injector(GuiceInjectorBuilder.scala:200)
	at play.api.inject.guice.GuiceApplicationBuilder.build(GuiceApplicationBuilder.scala:155)
	at play.api.inject.guice.GuiceApplicationLoader.load(GuiceApplicationLoader.scala:21)
	at play.core.server.DevServerStart$$anon$1.$anonfun$reload$2(DevServerStart.scala:193)
	at play.utils.Threads$.withContextClassLoader(Threads.scala:22)
	at play.core.server.DevServerStart$$anon$1.reload(DevServerStart.scala:185)
	... 25 common frames omitted
Caused by: org.postgresql.util.PSQLException: Подсоединение по адресу localhost:5432 отклонено. Проверьте что хост и порт указаны правильно и что postmaster принимает TCP/IP-подсоединения.
	at org.postgresql.core.v3.ConnectionFactoryImpl.openConnectionImpl(ConnectionFactoryImpl.java:319)
	at org.postgresql.core.ConnectionFactory.openConnection(ConnectionFactory.java:49)
	at org.postgresql.jdbc.PgConnection.<init>(PgConnection.java:223)
	at org.postgresql.Driver.makeConnection(Driver.java:400)
	at org.postgresql.Driver.connect(Driver.java:259)
	at com.zaxxer.hikari.util.DriverDataSource.getConnection(DriverDataSource.java:121)
	at com.zaxxer.hikari.pool.PoolBase.newConnection(PoolBase.java:358)
	at com.zaxxer.hikari.pool.PoolBase.newPoolEntry(PoolBase.java:206)
	at com.zaxxer.hikari.pool.HikariPool.createPoolEntry(HikariPool.java:477)
	at com.zaxxer.hikari.pool.HikariPool.access$100(HikariPool.java:71)
	at com.zaxxer.hikari.pool.HikariPool$PoolEntryCreator.call(HikariPool.java:725)
	at com.zaxxer.hikari.pool.HikariPool$PoolEntryCreator.call(HikariPool.java:711)
	at java.base/java.util.concurrent.FutureTask.run(FutureTask.java:264)
	at java.base/java.util.concurrent.ThreadPoolExecutor.runWorker(ThreadPoolExecutor.java:1128)
	at java.base/java.util.concurrent.ThreadPoolExecutor$Worker.run(ThreadPoolExecutor.java:628)
	at java.base/java.lang.Thread.run(Thread.java:834)
Caused by: java.net.ConnectException: Connection refused: connect
	at java.base/java.net.PlainSocketImpl.waitForConnect(Native Method)
	at java.base/java.net.PlainSocketImpl.socketConnect(PlainSocketImpl.java:107)
	at java.base/java.net.AbstractPlainSocketImpl.doConnect(AbstractPlainSocketImpl.java:412)
	at java.base/java.net.AbstractPlainSocketImpl.connectToAddress(AbstractPlainSocketImpl.java:255)
	at java.base/java.net.AbstractPlainSocketImpl.connect(AbstractPlainSocketImpl.java:237)
	at java.base/java.net.SocksSocketImpl.connect(SocksSocketImpl.java:392)
	at java.base/java.net.Socket.connect(Socket.java:608)
	at org.postgresql.core.PGStream.createSocket(PGStream.java:241)
	at org.postgresql.core.PGStream.<init>(PGStream.java:98)
	at org.postgresql.core.v3.ConnectionFactoryImpl.tryConnect(ConnectionFactoryImpl.java:109)
	at org.postgresql.core.v3.ConnectionFactoryImpl.openConnectionImpl(ConnectionFactoryImpl.java:235)
	... 15 common frames omitted
2022-02-22 13:30:29 [34mINFO [0;39m [36mp.a.i.l.c.CoordinatedShutdownSupport[0;39m [35m[0;39m Starting synchronous coordinated shutdown with ServerStoppedReason reason and 35000 milliseconds timeout
2022-02-22 13:30:29 [34mINFO [0;39m [36mplay.core.server.AkkaHttpServer[0;39m [35m[0;39m Stopping Akka HTTP server...
2022-02-22 13:30:29 [34mINFO [0;39m [36mplay.core.server.AkkaHttpServer[0;39m [35m[0;39m Terminating server binding for /0:0:0:0:0:0:0:0:9000
2022-02-22 13:30:29 [34mINFO [0;39m [36mplay.core.server.AkkaHttpServer[0;39m [35m[0;39m Running provided shutdown stop hooks
2022-02-22 15:00:28 [34mINFO [0;39m [36mplay.api.db.HikariCPConnectionPool[0;39m [35m[0;39m Creating Pool for datasource 'default'
2022-02-22 15:02:10 [34mINFO [0;39m [36mplay.api.db.HikariCPConnectionPool[0;39m [35m[0;39m Creating Pool for datasource 'default'
2022-02-22 15:02:13 [34mINFO [0;39m [36mplay.api.db.HikariCPConnectionPool[0;39m [35m[0;39m Shutting down connection pool.
2022-02-22 15:02:13 [31mWARN [0;39m [36mc.zaxxer.hikari.pool.ProxyConnection[0;39m [35m[0;39m HikariPool-1 - Connection org.postgresql.jdbc.PgConnection@76233abb marked as broken because of SQLSTATE(08006), ErrorCode(0)
org.postgresql.util.PSQLException: Ошибка ввода/вывода при отправке бэкенду
	at org.postgresql.core.v3.QueryExecutorImpl.execute(QueryExecutorImpl.java:382)
	at org.postgresql.jdbc.PgStatement.executeInternal(PgStatement.java:490)
	at org.postgresql.jdbc.PgStatement.execute(PgStatement.java:408)
	at org.postgresql.jdbc.PgPreparedStatement.executeWithFlags(PgPreparedStatement.java:166)
	at org.postgresql.jdbc.PgPreparedStatement.executeUpdate(PgPreparedStatement.java:134)
	at com.zaxxer.hikari.pool.ProxyPreparedStatement.executeUpdate(ProxyPreparedStatement.java:61)
	at com.zaxxer.hikari.pool.HikariProxyPreparedStatement.executeUpdate(HikariProxyPreparedStatement.java)
	at anorm.Sql.$anonfun$execInsert$1(Anorm.scala:179)
	at resource.ManagedResourceOperations$$anon$1.$anonfun$acquireFor$1(ManagedResourceOperations.scala:47)
	at resource.AbstractManagedResource.$anonfun$acquireFor$1(AbstractManagedResource.scala:85)
	at scala.util.control.Exception$Catch.$anonfun$either$1(Exception.scala:251)
	at scala.util.control.Exception$Catch.apply(Exception.scala:227)
	at scala.util.control.Exception$Catch.either(Exception.scala:251)
	at resource.AbstractManagedResource.acquireFor(AbstractManagedResource.scala:85)
	at resource.ManagedResourceOperations$$anon$1.acquireFor(ManagedResourceOperations.scala:47)
	at resource.DeferredExtractableManagedResource.acquireFor(AbstractManagedResource.scala:25)
	at resource.ManagedResourceOperations.apply(ManagedResourceOperations.scala:31)
	at resource.ManagedResourceOperations.apply$(ManagedResourceOperations.scala:31)
	at resource.DeferredExtractableManagedResource.apply(AbstractManagedResource.scala:22)
	at resource.ManagedResourceOperations.acquireAndGet(ManagedResourceOperations.scala:29)
	at resource.ManagedResourceOperations.acquireAndGet$(ManagedResourceOperations.scala:29)
	at resource.DeferredExtractableManagedResource.acquireAndGet(AbstractManagedResource.scala:22)
	at anorm.Sql$.$anonfun$asTry$1(Anorm.scala:214)
	at scala.util.Try$.apply(Try.scala:210)
	at anorm.Sql$.asTry(Anorm.scala:214)
	at anorm.Sql.execInsert(Anorm.scala:181)
	at anorm.Sql.executeInsert(Anorm.scala:129)
	at anorm.Sql.executeInsert$(Anorm.scala:129)
	at anorm.SimpleSql.executeInsert(SimpleSql.scala:6)
	at models.CarRepository.$anonfun$insert$2(CarRepository.scala:57)
	at play.api.db.DefaultDatabase.withConnection(Databases.scala:180)
	at play.api.db.DefaultDatabase.withConnection(Databases.scala:174)
	at models.CarRepository.$anonfun$insert$1(CarRepository.scala:50)
	at scala.concurrent.Future$.$anonfun$apply$1(Future.scala:661)
	at scala.concurrent.impl.Promise$Transformation.run(Promise.scala:430)
	at akka.dispatch.BatchingExecutor$AbstractBatch.processBatch(BatchingExecutor.scala:63)
	at akka.dispatch.BatchingExecutor$BlockableBatch.$anonfun$run$1(BatchingExecutor.scala:100)
	at scala.runtime.java8.JFunction0$mcV$sp.apply(JFunction0$mcV$sp.scala:18)
	at scala.concurrent.BlockContext$.withBlockContext(BlockContext.scala:94)
	at akka.dispatch.BatchingExecutor$BlockableBatch.run(BatchingExecutor.scala:100)
	at akka.dispatch.TaskInvocation.run(AbstractDispatcher.scala:49)
	at java.base/java.util.concurrent.ThreadPoolExecutor.runWorker(ThreadPoolExecutor.java:1128)
	at java.base/java.util.concurrent.ThreadPoolExecutor$Worker.run(ThreadPoolExecutor.java:628)
	at java.base/java.lang.Thread.run(Thread.java:834)
Caused by: java.net.SocketException: Socket closed
	at java.base/java.net.SocketInputStream.socketRead0(Native Method)
	at java.base/java.net.SocketInputStream.socketRead(SocketInputStream.java:115)
	at java.base/java.net.SocketInputStream.read(SocketInputStream.java:168)
	at java.base/java.net.SocketInputStream.read(SocketInputStream.java:140)
	at org.postgresql.core.VisibleBufferedInputStream.readMore(VisibleBufferedInputStream.java:161)
	at org.postgresql.core.VisibleBufferedInputStream.ensureBytes(VisibleBufferedInputStream.java:128)
	at org.postgresql.core.VisibleBufferedInputStream.ensureBytes(VisibleBufferedInputStream.java:113)
	at org.postgresql.core.VisibleBufferedInputStream.read(VisibleBufferedInputStream.java:73)
	at org.postgresql.core.PGStream.receiveChar(PGStream.java:453)
	at org.postgresql.core.v3.QueryExecutorImpl.processResults(QueryExecutorImpl.java:2119)
	at org.postgresql.core.v3.QueryExecutorImpl.execute(QueryExecutorImpl.java:355)
	... 43 common frames omitted
2022-02-22 15:02:13 [34mINFO [0;39m [36mplay.api.db.HikariCPConnectionPool[0;39m [35m[0;39m Creating Pool for datasource 'default'
2022-02-22 15:02:14 [34mINFO [0;39m [36mplay.api.db.HikariCPConnectionPool[0;39m [35m[0;39m Shutting down connection pool.
2022-02-22 15:02:14 [34mINFO [0;39m [36mplay.api.db.HikariCPConnectionPool[0;39m [35m[0;39m Creating Pool for datasource 'default'
2022-02-22 15:02:14 [34mINFO [0;39m [36mplay.api.db.HikariCPConnectionPool[0;39m [35m[0;39m Shutting down connection pool.
2022-02-22 15:02:14 [34mINFO [0;39m [36mplay.api.db.HikariCPConnectionPool[0;39m [35m[0;39m Creating Pool for datasource 'default'
2022-02-22 15:02:15 [34mINFO [0;39m [36mplay.api.db.HikariCPConnectionPool[0;39m [35m[0;39m Shutting down connection pool.
2022-02-22 15:04:13 [34mINFO [0;39m [36mplay.api.db.HikariCPConnectionPool[0;39m [35m[0;39m Creating Pool for datasource 'default'
2022-02-22 15:04:15 [34mINFO [0;39m [36mplay.api.db.HikariCPConnectionPool[0;39m [35m[0;39m Shutting down connection pool.
2022-02-22 15:04:15 [34mINFO [0;39m [36mplay.api.db.HikariCPConnectionPool[0;39m [35m[0;39m Creating Pool for datasource 'default'
2022-02-22 15:04:15 [34mINFO [0;39m [36mplay.api.db.HikariCPConnectionPool[0;39m [35m[0;39m Shutting down connection pool.
2022-02-22 15:04:15 [34mINFO [0;39m [36mplay.api.db.HikariCPConnectionPool[0;39m [35m[0;39m Creating Pool for datasource 'default'
2022-02-22 15:04:15 [34mINFO [0;39m [36mplay.api.db.HikariCPConnectionPool[0;39m [35m[0;39m Shutting down connection pool.
2022-02-22 15:04:16 [34mINFO [0;39m [36mplay.api.db.HikariCPConnectionPool[0;39m [35m[0;39m Creating Pool for datasource 'default'
2022-02-22 15:04:16 [34mINFO [0;39m [36mplay.api.db.HikariCPConnectionPool[0;39m [35m[0;39m Shutting down connection pool.
2022-02-22 15:22:21 [34mINFO [0;39m [36mplay.api.db.HikariCPConnectionPool[0;39m [35m[0;39m Creating Pool for datasource 'default'
2022-02-22 15:22:22 [34mINFO [0;39m [36mplay.api.db.HikariCPConnectionPool[0;39m [35m[0;39m Shutting down connection pool.
2022-02-22 15:22:22 [34mINFO [0;39m [36mplay.api.db.HikariCPConnectionPool[0;39m [35m[0;39m Creating Pool for datasource 'default'
2022-02-22 15:22:22 [34mINFO [0;39m [36mplay.api.db.HikariCPConnectionPool[0;39m [35m[0;39m Shutting down connection pool.
2022-02-22 15:22:23 [34mINFO [0;39m [36mplay.api.db.HikariCPConnectionPool[0;39m [35m[0;39m Creating Pool for datasource 'default'
2022-02-22 15:22:23 [34mINFO [0;39m [36mplay.api.db.HikariCPConnectionPool[0;39m [35m[0;39m Shutting down connection pool.
2022-02-22 15:22:23 [34mINFO [0;39m [36mplay.api.db.HikariCPConnectionPool[0;39m [35m[0;39m Creating Pool for datasource 'default'
2022-02-22 15:22:23 [34mINFO [0;39m [36mplay.api.db.HikariCPConnectionPool[0;39m [35m[0;39m Shutting down connection pool.
2022-02-22 15:24:38 [34mINFO [0;39m [36mplay.api.db.HikariCPConnectionPool[0;39m [35m[0;39m Creating Pool for datasource 'default'
2022-02-22 15:24:40 [34mINFO [0;39m [36mplay.api.db.HikariCPConnectionPool[0;39m [35m[0;39m Shutting down connection pool.
2022-02-22 15:24:40 [34mINFO [0;39m [36mplay.api.db.HikariCPConnectionPool[0;39m [35m[0;39m Creating Pool for datasource 'default'
2022-02-22 15:24:40 [34mINFO [0;39m [36mplay.api.db.HikariCPConnectionPool[0;39m [35m[0;39m Shutting down connection pool.
2022-02-22 15:24:40 [34mINFO [0;39m [36mplay.api.db.HikariCPConnectionPool[0;39m [35m[0;39m Creating Pool for datasource 'default'
2022-02-22 15:24:41 [34mINFO [0;39m [36mplay.api.db.HikariCPConnectionPool[0;39m [35m[0;39m Shutting down connection pool.
2022-02-22 15:24:41 [34mINFO [0;39m [36mplay.api.db.HikariCPConnectionPool[0;39m [35m[0;39m Creating Pool for datasource 'default'
2022-02-22 15:24:41 [34mINFO [0;39m [36mplay.api.db.HikariCPConnectionPool[0;39m [35m[0;39m Shutting down connection pool.
